This is pdfTeX, Version 3.1415926-1.40.10 (MiKTeX 2.8) (preloaded format=latex 2010.1.8)  15 JAN 2010 21:15
entering extended mode
**code.tex
(G:\Projects\pcz\pr_sieciowe\book\code.tex
LaTeX2e <2009/09/24>
Babel <v3.8l> and hyphenation patterns for english, dumylang, nohyphenation, po
lish, loaded.
! Undefined control sequence.
l.1 \chapter
            {Kod Ÿród³owy}
? 
! Emergency stop.
l.1 \chapter
            {Kod Ÿród³owy}
End of file on the terminal!

 
Here is how much of TeX's memory you used:
 7 strings out of 495286
 171 string characters out of 3181655
 44941 words of memory out of 3000000
 3314 multiletter control sequences out of 15000+200000
 3640 words of font info for 14 fonts, out of 3000000 for 9000
 34 hyphenation exceptions out of 8191
 5i,0n,1p,34b,8s stack positions out of 5000i,500n,10000p,200000b,50000s
No pages of output.
